<?xml version="1.0" encoding="UTF-8"?>
<!-- Generated by org.testng.reporters.JUnitXMLReporter -->
<testsuite hostname="DESKTOP-2EEMU5R" name="Default test" tests="5" failures="0" timestamp="29 May 2019 13:44:53 GMT" time="194.439" errors="0">
  <testcase name="scrollDownTillPocketInsuranceAndClickOnSeeDetailsTest" time="19.826" classname="com.datamato.tests.PocketinsuranceTest"/>
  <testcase name="travelPocketinsuranceTest" time="8.033" classname="com.datamato.tests.PocketinsuranceTest"/>
  <testcase name="pilgrimageCoverKnowMoreTest" time="137.265" classname="com.datamato.tests.PocketinsuranceTest"/>
  <testcase name="pilgrimageCoverApplyNowTest" time="11.042" classname="com.datamato.tests.PocketinsuranceTest"/>
  <testcase name="pilgrimageCoverBrochureTest" time="9.388" classname="com.datamato.tests.PocketinsuranceTest"/>
</testsuite> <!-- Default test -->
