<?xml version="1.0" encoding="UTF-8"?>
<!-- Generated by org.testng.reporters.JUnitXMLReporter -->
<testsuite hostname="DESKTOP-2EEMU5R" name="BFLTest" tests="12" failures="0" timestamp="29 May 2019 14:13:38 GMT" time="257.372" errors="0">
  <testcase name="welcomeTest" time="3.822" classname="com.datamato.tests.WelcomePageTest"/>
  <testcase name="testExistingUserTest" time="8.063" classname="com.datamato.tests.WelcomePageTest"/>
  <testcase name="loginWithExistingUsersCredentialsTest" time="14.656" classname="com.datamato.tests.WelcomePageTest"/>
  <testcase name="recommendedOffersTest" time="11.42" classname="com.datamato.tests.WelcomePageTest"/>
  <testcase name="calculatorTest" time="10.936" classname="com.datamato.tests.PersonalLoanTest"/>
  <testcase name="applyNowTest" time="9.671" classname="com.datamato.tests.PersonalLoanTest"/>
  <testcase name="seeDetailsTest" time="10.178" classname="com.datamato.tests.PersonalLoanTest"/>
  <testcase name="scrollDownTillPocketInsuranceAndClickOnSeeDetailsTest" time="22.284" classname="com.datamato.tests.PocketInsuranceTest"/>
  <testcase name="travelPocketinsuranceTest" time="9.092" classname="com.datamato.tests.PocketInsuranceTest"/>
  <testcase name="pilgrimageCoverKnowMoreTest" time="138.564" classname="com.datamato.tests.PocketInsuranceTest"/>
  <testcase name="pilgrimageCoverApplyNowTest" time="10.25" classname="com.datamato.tests.PocketInsuranceTest"/>
  <testcase name="pilgrimageCoverBrochureTest" time="8.379" classname="com.datamato.tests.PocketInsuranceTest"/>
</testsuite> <!-- BFLTest -->
